<?xml version="1.0" encoding="UTF-8"?>
<!-- Generated by org.testng.reporters.JUnitReportReporter -->
<testsuite hostname="Lenovo-PC" name="com.g7s.zptdt.service.Testcase_PostmanManagementLocate" tests="1" failures="0" timestamp="24 Jun 2016 03:06:59 GMT" time="0.000" errors="0">
  <testcase name="Test01_LocatePostman" time="0.000" classname="com.g7s.zptdt.service.Testcase_PostmanManagementLocate"/>
</testsuite> <!-- com.g7s.zptdt.service.Testcase_PostmanManagementLocate -->
