<?xml version="1.0" encoding="UTF-8"?>
<!-- Generated by org.testng.reporters.JUnitReportReporter -->
<testsuite hostname="Lenovo-PC" name="com.g7s.zptdt.service.Testcase_PostmanManagement" tests="2" failures="0" timestamp="14 Jan 2016 09:21:51 GMT" time="70.782" errors="0">
  <testcase name="Test02_SearchByPhone" time="12.763" classname="com.g7s.zptdt.service.Testcase_PostmanManagement"/>
  <testcase name="Test01_SearchByPostmanname" time="58.019" classname="com.g7s.zptdt.service.Testcase_PostmanManagement"/>
</testsuite> <!-- com.g7s.zptdt.service.Testcase_PostmanManagement -->
