<?xml version="1.0" encoding="UTF-8"?>
<!-- Generated by org.testng.reporters.JUnitReportReporter -->
<testsuite hostname="Lenovo-PC" name="com.g7s.zptdt.service.Testcase_PostmanManagementAdd" tests="1" failures="0" timestamp="24 Jun 2016 03:06:59 GMT" time="25.204" errors="0">
  <testcase name="Test01_AddPostman" time="25.204" classname="com.g7s.zptdt.service.Testcase_PostmanManagementAdd"/>
</testsuite> <!-- com.g7s.zptdt.service.Testcase_PostmanManagementAdd -->
