<?xml version="1.0" encoding="UTF-8"?>
<!-- Generated by org.testng.reporters.JUnitReportReporter -->
<testsuite hostname="Lenovo-PC" name="com.g7s.zptdt.service.Testcase_PostmanManagementEdit" tests="1" failures="0" timestamp="3 Mar 2016 08:29:06 GMT" time="23.959" errors="0">
  <testcase name="Test01_EditUsedPostman" time="23.959" classname="com.g7s.zptdt.service.Testcase_PostmanManagementEdit"/>
</testsuite> <!-- com.g7s.zptdt.service.Testcase_PostmanManagementEdit -->
