<?xml version="1.0" encoding="UTF-8"?>
<!-- Generated by org.testng.reporters.JUnitReportReporter -->
<testsuite hostname="Lenovo-PC" name="com.g7s.zptdt.service.Testcase_Login" tests="1" failures="0" timestamp="13 Jan 2016 07:27:35 GMT" time="1.177" errors="0">
  <testcase name="Test01_login" time="1.177" classname="com.g7s.zptdt.service.Testcase_Login"/>
</testsuite> <!-- com.g7s.zptdt.service.Testcase_Login -->
