<?xml version="1.0" encoding="UTF-8"?>
<!-- Generated by org.testng.reporters.JUnitReportReporter -->
<testsuite hostname="Lenovo-PC" name="com.g7s.zptdt.service.Testcase_SendtaskManagementImport" tests="1" failures="0" timestamp="24 Jun 2016 03:06:59 GMT" time="52.240" errors="0">
  <testcase name="Test01_ImportPostman" time="52.240" classname="com.g7s.zptdt.service.Testcase_SendtaskManagementImport"/>
</testsuite> <!-- com.g7s.zptdt.service.Testcase_SendtaskManagementImport -->
