<?xml version="1.0" encoding="UTF-8"?>
<!-- Generated by org.testng.reporters.JUnitReportReporter -->
<testsuite hostname="Lenovo-PC" name="com.g7s.zptdt.service.Testcase_PostmanManagementSearch" tests="3" failures="0" timestamp="24 Jun 2016 03:06:59 GMT" time="29.039" errors="0">
  <testcase name="Test02_SearchByPhone" time="8.962" classname="com.g7s.zptdt.service.Testcase_PostmanManagementSearch"/>
  <testcase name="Test03_SearchByOrg" time="11.101" classname="com.g7s.zptdt.service.Testcase_PostmanManagementSearch"/>
  <testcase name="Test01_SearchByPostmanname" time="8.976" classname="com.g7s.zptdt.service.Testcase_PostmanManagementSearch"/>
</testsuite> <!-- com.g7s.zptdt.service.Testcase_PostmanManagementSearch -->
