<?xml version="1.0" encoding="UTF-8"?>
<!-- Generated by org.testng.reporters.JUnitReportReporter -->
<testsuite hostname="Lenovo-PC" name="com.g7s.zptdt.service.Testcase_SendtaskManagementSearch" tests="2" failures="0" timestamp="24 Jun 2016 03:06:59 GMT" time="8.106" errors="0">
  <testcase name="Test02_SearchByPostman" time="0.666" classname="com.g7s.zptdt.service.Testcase_SendtaskManagementSearch"/>
  <testcase name="Test01_SearchByTasktime" time="7.440" classname="com.g7s.zptdt.service.Testcase_SendtaskManagementSearch"/>
</testsuite> <!-- com.g7s.zptdt.service.Testcase_SendtaskManagementSearch -->
